<?xml version="1.0" encoding="UTF-8"?>
<!-- Generated by org.testng.reporters.JUnitReportReporter -->
<testsuite hostname="DESKTOP-6UUKEUN" name="DriverFactory.DataDrivenDriverScript" tests="1" failures="0" timestamp="26 Jan 2022 15:19:35 GMT" time="29.341" errors="0">
  <testcase name="verifyLogin" time="29.341" classname="DriverFactory.DataDrivenDriverScript"/>
</testsuite> <!-- DriverFactory.DataDrivenDriverScript -->
